Resolving dependencies...
Downloading packages...
  characters 1.4.0 (1.4.1 available)
  flutter_lints 3.0.2 (6.0.0 available)
  lints 3.0.0 (6.0.0 available)
  matcher 0.12.17 (0.12.18 available)
  material_color_utilities 0.11.1 (0.13.0 available)
  meta 1.17.0 (1.18.0 available)
  test_api 0.7.7 (0.7.9 available)
  url_launcher_android 6.3.20 (6.3.28 available)
  url_launcher_ios 6.3.4 (6.3.6 available)
  url_launcher_macos 3.2.3 (3.2.5 available)
  url_launcher_web 2.4.1 (2.4.2 available)
  vm_service 15.0.0 (15.0.2 available)
Got dependencies!
12 packages have newer versions incompatible with dependency constraints.
Try `flutter pub outdated` for more information.
Launching lib/main.dart on Chrome in debug mode...
Waiting for connection from debug service on Chrome...          
Warning: In index.html:17: "FlutterLoader.loadEntrypoint" is deprecated. Use "FlutterLoader.load" instead. See https://docs.flutter.dev/platform-integration/web/initialization for more details.
Waiting for connection from debug service on Chrome...              6.5s

Flutter run key commands.
r Hot reload. 🔥🔥🔥
R Hot restart.
h List all available interactive commands.
d Detach (terminate "flutter run" but leave application running).
c Clear the screen
q Quit (terminate the application on the device).

This app is linked to the debug service: ws://127.0.0.1:50995/QMU8A95EyX4=/ws
Debug service listening on ws://127.0.0.1:50995/QMU8A95EyX4=/ws
A Dart VM Service on Chrome is available at: http://127.0.0.1:50995/QMU8A95EyX4=
The Flutter DevTools debugger and profiler on Chrome is available at: http://127.0.0.1:50995/QMU8A95EyX4=/devtools/?uri=ws://127.0.0.1:50995/QMU8A95EyX4=/ws
Starting application from main method in: org-dartlang-app:/web_entrypoint.dart.
Found an existing <meta name="viewport"> tag. Flutter Web uses its own viewport configuration for better compatibility with Flutter. This tag will be replaced.
Starting application from main method in: org-dartlang-app:/web_entrypoint.dart.
Found an existing <meta name="viewport"> tag. Flutter Web uses its own viewport configuration for better compatibility with Flutter. This tag will be replaced.
Application finished.
